<?xml version="1.0" encoding="UTF-8"?>
<!-- Generated by org.testng.reporters.JUnitReportReporter -->
<testsuite hostname="DESKTOP-B7I2MM8" failures="0" tests="7" name="testCases.TC01_AdminPageTest" time="9.101" errors="0" timestamp="2024-09-26T06:35:08 IST" skipped="0">
  <testcase classname="testCases.TC01_AdminPageTest" name="loginWithValidCredentials" time="3.096"/>
  <testcase classname="testCases.TC01_AdminPageTest" name="clickAdminButton" time="1.531"/>
  <testcase classname="testCases.TC01_AdminPageTest" name="testSearchValidSystemUsers" time="0.669"/>
  <testcase classname="testCases.TC01_AdminPageTest" name="testSearchValidSystemUsers" time="1.304"/>
  <testcase classname="testCases.TC01_AdminPageTest" name="testSearchInvalidSystemUsers" time="0.735"/>
  <testcase classname="testCases.TC01_AdminPageTest" name="testSearchInvalidSystemUsers" time="0.665"/>
  <testcase classname="testCases.TC01_AdminPageTest" name="logout" time="1.101"/>
</testsuite> <!-- testCases.TC01_AdminPageTest -->
