<?xml version="1.0" encoding="UTF-8"?>
<!-- Generated by org.testng.reporters.JUnitReportReporter -->
<testsuite hostname="DESKTOP-B7I2MM8" failures="0" tests="4" name="testCases.TC02_LoginDDT" time="9.762" errors="0" timestamp="2024-09-26T06:35:08 IST" skipped="0">
  <testcase classname="testCases.TC02_LoginDDT" name="validLogin" time="3.615"/>
  <testcase classname="testCases.TC02_LoginDDT" name="validLogin" time="3.292"/>
  <testcase classname="testCases.TC02_LoginDDT" name="invalidLogin" time="1.568"/>
  <testcase classname="testCases.TC02_LoginDDT" name="invalidLogin" time="1.287"/>
</testsuite> <!-- testCases.TC02_LoginDDT -->
